<?xml version="1.0" encoding="UTF-8"?>
<!-- Generated by org.testng.reporters.JUnitReportReporter -->
<testsuite hostname="DESKTOP-EQKNS5R" failures="0" tests="1" name="testcases.TC001" time="6.672" errors="0" timestamp="2024-11-26T07:39:40 IST" skipped="0">
  <testcase classname="testcases.TC001" name="tc001" time="6.672"/>
  <system-out/>
</testsuite> <!-- testcases.TC001 -->
